<?xml version="1.0" encoding="UTF-8"?>
<!-- Generated by org.testng.reporters.JUnitReportReporter -->
<testsuite skipped="0" hostname="metinemresen" name="tests.DemoTestCase" tests="1" failures="0" timestamp="18 Jan 2020 17:04:38 GMT" time="18.421" errors="0">
  <testcase name="TC_Regression_001_Phase_1" time="18.421" classname="tests.DemoTestCase"/>
</testsuite> <!-- tests.DemoTestCase -->
