<?xml version="1.0" encoding="UTF-8"?>
<!-- Generated by org.testng.reporters.JUnitReportReporter -->
<testsuite skipped="0" hostname="metinemresen" name="tests.RegressionTestSuite.TC_Regression_001_Phase_1" tests="1" failures="0" timestamp="19 Oca 2020 14:55:12 GMT" time="13.521" errors="0">
  <testcase name="TC_Regression_001_Phase_1" time="13.521" classname="tests.RegressionTestSuite.TC_Regression_001_Phase_1"/>
</testsuite> <!-- tests.RegressionTestSuite.TC_Regression_001_Phase_1 -->
